# JRE version: Java(TM) SE Runtime Environment (10.0.1+10) (build 10.0.1+10)
# Java VM: Java HotSpot(TM) 64-Bit Server VM (10.0.1+10, mixed mode, tiered, compressed oops, g1 gc, windows-amd64)
Heap:
 garbage-first heap   total 59392K, used 29371K [0x00000000c0000000, 0x0000000100000000)
  region size 1024K, 1 young (1024K), 1 survivors (1024K)
 Metaspace       used 32909K, capacity 33531K, committed 33792K, reserved 1087488K
  class space    used 4071K, capacity 4310K, committed 4352K, reserved 1048576K
GC Heap History (10 events):
Event: 5.507 GC heap before
{Heap before GC invocations=4 (full 0):
 garbage-first heap   total 59392K, used 35286K [0x00000000c0000000, 0x0000000100000000)
  region size 1024K, 25 young (25600K), 3 survivors (3072K)
 Metaspace       used 20601K, capacity 21032K, committed 21120K, reserved 1067008K
  class space    used 2508K, capacity 2679K, committed 2688K, reserved 1048576K
}
Event: 5.512 GC heap after
{Heap after GC invocations=5 (full 0):
 garbage-first heap   total 59392K, used 13875K [0x00000000c0000000, 0x0000000100000000)
  region size 1024K, 2 young (2048K), 2 survivors (2048K)
 Metaspace       used 20601K, capacity 21032K, committed 21120K, reserved 1067008K
  class space    used 2508K, capacity 2679K, committed 2688K, reserved 1048576K
}
Event: 5.582 GC heap before
{Heap before GC invocations=5 (full 0):
 garbage-first heap   total 59392K, used 14899K [0x00000000c0000000, 0x0000000100000000)
  region size 1024K, 4 young (4096K), 2 survivors (2048K)
 Metaspace       used 20782K, capacity 21128K, committed 21248K, reserved 1067008K
  class space    used 2545K, capacity 2711K, committed 2816K, reserved 1048576K
}
Event: 5.589 GC heap after
{Heap after GC invocations=6 (full 0):
 garbage-first heap   total 59392K, used 13929K [0x00000000c0000000, 0x0000000100000000)
  region size 1024K, 2 young (2048K), 2 survivors (2048K)
 Metaspace       used 20782K, capacity 21128K, committed 21248K, reserved 1067008K
  class space    used 2545K, capacity 2711K, committed 2816K, reserved 1048576K
}
Event: 7.722 GC heap before
{Heap before GC invocations=7 (full 0):
 garbage-first heap   total 59392K, used 46697K [0x00000000c0000000, 0x0000000100000000)
  region size 1024K, 26 young (26624K), 2 survivors (2048K)
 Metaspace       used 24667K, capacity 25180K, committed 25600K, reserved 1071104K
  class space    used 3045K, capacity 3219K, committed 3328K, reserved 1048576K
}
Event: 7.743 GC heap after
{Heap after GC invocations=8 (full 0):
 garbage-first heap   total 59392K, used 24396K [0x00000000c0000000, 0x0000000100000000)
  region size 1024K, 4 young (4096K), 4 survivors (4096K)
 Metaspace       used 24667K, capacity 25180K, committed 25600K, reserved 1071104K
  class space    used 3045K, capacity 3219K, committed 3328K, reserved 1048576K
}
Event: 8.947 GC heap before
{Heap before GC invocations=8 (full 0):
 garbage-first heap   total 59392K, used 46924K [0x00000000c0000000, 0x0000000100000000)
  region size 1024K, 23 young (23552K), 4 survivors (4096K)
 Metaspace       used 29093K, capacity 29583K, committed 29824K, reserved 1075200K
  class space    used 3507K, capacity 3705K, committed 3712K, reserved 1048576K
}
Event: 8.958 GC heap after
{Heap after GC invocations=9 (full 0):
 garbage-first heap   total 59392K, used 26166K [0x00000000c0000000, 0x0000000100000000)
  region size 1024K, 2 young (2048K), 2 survivors (2048K)
 Metaspace       used 29093K, capacity 29583K, committed 29824K, reserved 1075200K
  class space    used 3507K, capacity 3705K, committed 3712K, reserved 1048576K
}
Event: 9.935 GC heap before
{Heap before GC invocations=9 (full 0):
 garbage-first heap   total 59392K, used 45622K [0x00000000c0000000, 0x0000000100000000)
  region size 1024K, 21 young (21504K), 2 survivors (2048K)
 Metaspace       used 31172K, capacity 31733K, committed 32000K, reserved 1077248K
  class space    used 3843K, capacity 4058K, committed 4096K, reserved 1048576K
}
Event: 9.940 GC heap after
{Heap after GC invocations=10 (full 0):
 garbage-first heap   total 59392K, used 27043K [0x00000000c0000000, 0x0000000100000000)
  region size 1024K, 1 young (1024K), 1 survivors (1024K)
 Metaspace       used 31172K, capacity 31733K, committed 32000K, reserved 1077248K
  class space    used 3843K, capacity 4058K, committed 4096K, reserved 1048576K
}

