# JRE version: Java(TM) SE Runtime Environment (10.0.1+10) (build 10.0.1+10)
# Java VM: Java HotSpot(TM) 64-Bit Server VM (10.0.1+10, mixed mode, tiered, compressed oops, g1 gc, windows-amd64)
Heap:
 garbage-first heap   total 118784K, used 29317K [0x00000000c0000000, 0x0000000100000000)
  region size 1024K, 3 young (3072K), 3 survivors (3072K)
 Metaspace       used 33030K, capacity 33657K, committed 33792K, reserved 1085440K
  class space    used 4069K, capacity 4310K, committed 4352K, reserved 1048576K
GC Heap History (10 events):
Event: 5.582 GC heap before
{Heap before GC invocations=5 (full 0):
 garbage-first heap   total 59392K, used 19927K [0x00000000c0000000, 0x0000000100000000)
  region size 1024K, 9 young (9216K), 2 survivors (2048K)
 Metaspace       used 20753K, capacity 21126K, committed 21248K, reserved 1067008K
  class space    used 2545K, capacity 2711K, committed 2816K, reserved 1048576K
}
Event: 5.587 GC heap after
{Heap after GC invocations=6 (full 0):
 garbage-first heap   total 59392K, used 13918K [0x00000000c0000000, 0x0000000100000000)
  region size 1024K, 2 young (2048K), 2 survivors (2048K)
 Metaspace       used 20753K, capacity 21126K, committed 21248K, reserved 1067008K
  class space    used 2545K, capacity 2711K, committed 2816K, reserved 1048576K
}
Event: 7.565 GC heap before
{Heap before GC invocations=7 (full 0):
 garbage-first heap   total 59392K, used 44638K [0x00000000c0000000, 0x0000000100000000)
  region size 1024K, 24 young (24576K), 2 survivors (2048K)
 Metaspace       used 24094K, capacity 24602K, committed 24832K, reserved 1071104K
  class space    used 3020K, capacity 3219K, committed 3328K, reserved 1048576K
}
Event: 7.569 GC heap after
{Heap after GC invocations=8 (full 0):
 garbage-first heap   total 59392K, used 24555K [0x00000000c0000000, 0x0000000100000000)
  region size 1024K, 3 young (3072K), 3 survivors (3072K)
 Metaspace       used 24094K, capacity 24602K, committed 24832K, reserved 1071104K
  class space    used 3020K, capacity 3219K, committed 3328K, reserved 1048576K
}
Event: 8.834 GC heap before
{Heap before GC invocations=8 (full 0):
 garbage-first heap   total 59392K, used 47083K [0x00000000c0000000, 0x0000000100000000)
  region size 1024K, 22 young (22528K), 3 survivors (3072K)
 Metaspace       used 28978K, capacity 29485K, committed 29824K, reserved 1075200K
  class space    used 3491K, capacity 3673K, committed 3712K, reserved 1048576K
}
Event: 8.840 GC heap after
{Heap after GC invocations=9 (full 0):
 garbage-first heap   total 59392K, used 26341K [0x00000000c0000000, 0x0000000100000000)
  region size 1024K, 2 young (2048K), 2 survivors (2048K)
 Metaspace       used 28978K, capacity 29485K, committed 29824K, reserved 1075200K
  class space    used 3491K, capacity 3673K, committed 3712K, reserved 1048576K
}
Event: 9.862 GC heap before
{Heap before GC invocations=9 (full 0):
 garbage-first heap   total 59392K, used 44773K [0x00000000c0000000, 0x0000000100000000)
  region size 1024K, 20 young (20480K), 2 survivors (2048K)
 Metaspace       used 31003K, capacity 31571K, committed 32000K, reserved 1077248K
  class space    used 3818K, capacity 4026K, committed 4096K, reserved 1048576K
}
Event: 9.868 GC heap after
{Heap after GC invocations=10 (full 0):
 garbage-first heap   total 59392K, used 27175K [0x00000000c0000000, 0x0000000100000000)
  region size 1024K, 1 young (1024K), 1 survivors (1024K)
 Metaspace       used 31003K, capacity 31571K, committed 32000K, reserved 1077248K
  class space    used 3818K, capacity 4026K, committed 4096K, reserved 1048576K
}
Event: 11.233 GC heap before
{Heap before GC invocations=10 (full 0):
 garbage-first heap   total 59392K, used 45607K [0x00000000c0000000, 0x0000000100000000)
  region size 1024K, 19 young (19456K), 1 survivors (1024K)
 Metaspace       used 32661K, capacity 33273K, committed 33536K, reserved 1079296K
  class space    used 4063K, capacity 4310K, committed 4352K, reserved 1048576K
}
Event: 11.254 GC heap after
{Heap after GC invocations=11 (full 0):
 garbage-first heap   total 59392K, used 28521K [0x00000000c0000000, 0x0000000100000000)
  region size 1024K, 3 young (3072K), 3 survivors (3072K)
 Metaspace       used 32661K, capacity 33273K, committed 33536K, reserved 1079296K
  class space    used 4063K, capacity 4310K, committed 4352K, reserved 1048576K
}

