# JRE version: Java(TM) SE Runtime Environment (10.0.1+10) (build 10.0.1+10)
# Java VM: Java HotSpot(TM) 64-Bit Server VM (10.0.1+10, mixed mode, tiered, compressed oops, g1 gc, windows-amd64)
Heap:
 garbage-first heap   total 59392K, used 13798K [0x00000000c0000000, 0x0000000100000000)
  region size 1024K, 3 young (3072K), 3 survivors (3072K)
 Metaspace       used 19532K, capacity 19880K, committed 19968K, reserved 1073152K
  class space    used 2353K, capacity 2487K, committed 2560K, reserved 1048576K
GC Heap History (10 events):
Event: 1.619 GC heap before
{Heap before GC invocations=0 (full 0):
 garbage-first heap   total 59392K, used 16384K [0x00000000c0000000, 0x0000000100000000)
  region size 1024K, 14 young (14336K), 0 survivors (0K)
 Metaspace       used 9331K, capacity 9579K, committed 9728K, reserved 1058816K
  class space    used 929K, capacity 1002K, committed 1024K, reserved 1048576K
}
Event: 1.679 GC heap after
{Heap after GC invocations=1 (full 0):
 garbage-first heap   total 59392K, used 6468K [0x00000000c0000000, 0x0000000100000000)
  region size 1024K, 2 young (2048K), 2 survivors (2048K)
 Metaspace       used 9331K, capacity 9579K, committed 9728K, reserved 1058816K
  class space    used 929K, capacity 1002K, committed 1024K, reserved 1048576K
}
Event: 3.200 GC heap before
{Heap before GC invocations=1 (full 0):
 garbage-first heap   total 59392K, used 38212K [0x00000000c0000000, 0x0000000100000000)
  region size 1024K, 32 young (32768K), 2 survivors (2048K)
 Metaspace       used 10889K, capacity 11125K, committed 11264K, reserved 1058816K
  class space    used 1139K, capacity 1239K, committed 1280K, reserved 1048576K
}
Event: 3.206 GC heap after
{Heap after GC invocations=2 (full 0):
 garbage-first heap   total 59392K, used 10713K [0x00000000c0000000, 0x0000000100000000)
  region size 1024K, 4 young (4096K), 4 survivors (4096K)
 Metaspace       used 10889K, capacity 11125K, committed 11264K, reserved 1058816K
  class space    used 1139K, capacity 1239K, committed 1280K, reserved 1048576K
}
Event: 3.510 GC heap before
{Heap before GC invocations=2 (full 0):
 garbage-first heap   total 59392K, used 15833K [0x00000000c0000000, 0x0000000100000000)
  region size 1024K, 9 young (9216K), 4 survivors (4096K)
 Metaspace       used 12966K, capacity 13326K, committed 13568K, reserved 1060864K
  class space    used 1408K, capacity 1532K, committed 1536K, reserved 1048576K
}
Event: 3.516 GC heap after
{Heap after GC invocations=3 (full 0):
 garbage-first heap   total 59392K, used 11579K [0x00000000c0000000, 0x0000000100000000)
  region size 1024K, 1 young (1024K), 1 survivors (1024K)
 Metaspace       used 12966K, capacity 13326K, committed 13568K, reserved 1060864K
  class space    used 1408K, capacity 1532K, committed 1536K, reserved 1048576K
}
Event: 5.613 GC heap before
{Heap before GC invocations=3 (full 0):
 garbage-first heap   total 59392K, used 30011K [0x00000000c0000000, 0x0000000100000000)
  region size 1024K, 19 young (19456K), 1 survivors (1024K)
 Metaspace       used 17428K, capacity 17795K, committed 17920K, reserved 1064960K
  class space    used 2032K, capacity 2197K, committed 2304K, reserved 1048576K
}
Event: 5.617 GC heap after
{Heap after GC invocations=4 (full 0):
 garbage-first heap   total 59392K, used 12917K [0x00000000c0000000, 0x0000000100000000)
  region size 1024K, 3 young (3072K), 3 survivors (3072K)
 Metaspace       used 17428K, capacity 17795K, committed 17920K, reserved 1064960K
  class space    used 2032K, capacity 2197K, committed 2304K, reserved 1048576K
}
Event: 6.702 GC heap before
{Heap before GC invocations=4 (full 0):
 garbage-first heap   total 59392K, used 28277K [0x00000000c0000000, 0x0000000100000000)
  region size 1024K, 19 young (19456K), 3 survivors (3072K)
 Metaspace       used 19532K, capacity 19880K, committed 19968K, reserved 1073152K
  class space    used 2353K, capacity 2487K, committed 2560K, reserved 1048576K
}
Event: 6.705 GC heap after
{Heap after GC invocations=5 (full 0):
 garbage-first heap   total 59392K, used 13798K [0x00000000c0000000, 0x0000000100000000)
  region size 1024K, 3 young (3072K), 3 survivors (3072K)
 Metaspace       used 19532K, capacity 19880K, committed 19968K, reserved 1073152K
  class space    used 2353K, capacity 2487K, committed 2560K, reserved 1048576K
}

