# JRE version: Java(TM) SE Runtime Environment (10.0.1+10) (build 10.0.1+10)
# Java VM: Java HotSpot(TM) 64-Bit Server VM (10.0.1+10, mixed mode, tiered, compressed oops, g1 gc, windows-amd64)
Heap:
 garbage-first heap   total 59392K, used 13896K [0x00000000c0000000, 0x0000000100000000)
  region size 1024K, 2 young (2048K), 2 survivors (2048K)
 Metaspace       used 20774K, capacity 21126K, committed 21248K, reserved 1069056K
  class space    used 2545K, capacity 2711K, committed 2816K, reserved 1048576K
GC Heap History (8 events):
Event: 1.348 GC heap before
{Heap before GC invocations=0 (full 0):
 garbage-first heap   total 59392K, used 16384K [0x00000000c0000000, 0x0000000100000000)
  region size 1024K, 14 young (14336K), 0 survivors (0K)
 Metaspace       used 9339K, capacity 9579K, committed 9728K, reserved 1058816K
  class space    used 929K, capacity 1002K, committed 1024K, reserved 1048576K
}
Event: 1.357 GC heap after
{Heap after GC invocations=1 (full 0):
 garbage-first heap   total 59392K, used 6388K [0x00000000c0000000, 0x0000000100000000)
  region size 1024K, 2 young (2048K), 2 survivors (2048K)
 Metaspace       used 9339K, capacity 9579K, committed 9728K, reserved 1058816K
  class space    used 929K, capacity 1002K, committed 1024K, reserved 1048576K
}
Event: 1.918 GC heap before
{Heap before GC invocations=1 (full 0):
 garbage-first heap   total 59392K, used 17652K [0x00000000c0000000, 0x0000000100000000)
  region size 1024K, 13 young (13312K), 2 survivors (2048K)
 Metaspace       used 10433K, capacity 10619K, committed 10880K, reserved 1058816K
  class space    used 1059K, capacity 1135K, committed 1152K, reserved 1048576K
}
Event: 1.925 GC heap after
{Heap after GC invocations=2 (full 0):
 garbage-first heap   total 59392K, used 6817K [0x00000000c0000000, 0x0000000100000000)
  region size 1024K, 1 young (1024K), 1 survivors (1024K)
 Metaspace       used 10433K, capacity 10619K, committed 10880K, reserved 1058816K
  class space    used 1059K, capacity 1135K, committed 1152K, reserved 1048576K
}
Event: 2.697 GC heap before
{Heap before GC invocations=2 (full 0):
 garbage-first heap   total 59392K, used 29345K [0x00000000c0000000, 0x0000000100000000)
  region size 1024K, 22 young (22528K), 1 survivors (1024K)
 Metaspace       used 11585K, capacity 11806K, committed 12160K, reserved 1060864K
  class space    used 1231K, capacity 1319K, committed 1408K, reserved 1048576K
}
Event: 2.747 GC heap after
{Heap after GC invocations=3 (full 0):
 garbage-first heap   total 59392K, used 10496K [0x00000000c0000000, 0x0000000100000000)
  region size 1024K, 3 young (3072K), 3 survivors (3072K)
 Metaspace       used 11585K, capacity 11806K, committed 12160K, reserved 1060864K
  class space    used 1231K, capacity 1319K, committed 1408K, reserved 1048576K
}
Event: 5.671 GC heap before
{Heap before GC invocations=3 (full 0):
 garbage-first heap   total 59392K, used 34048K [0x00000000c0000000, 0x0000000100000000)
  region size 1024K, 26 young (26624K), 3 survivors (3072K)
 Metaspace       used 17648K, capacity 18049K, committed 18176K, reserved 1064960K
  class space    used 2064K, capacity 2197K, committed 2304K, reserved 1048576K
}
Event: 5.681 GC heap after
{Heap after GC invocations=4 (full 0):
 garbage-first heap   total 59392K, used 12810K [0x00000000c0000000, 0x0000000100000000)
  region size 1024K, 3 young (3072K), 3 survivors (3072K)
 Metaspace       used 17648K, capacity 18049K, committed 18176K, reserved 1064960K
  class space    used 2064K, capacity 2197K, committed 2304K, reserved 1048576K
}

