# JRE version: Java(TM) SE Runtime Environment (10.0.1+10) (build 10.0.1+10)
# Java VM: Java HotSpot(TM) 64-Bit Server VM (10.0.1+10, mixed mode, tiered, compressed oops, g1 gc, windows-amd64)
Heap:
 garbage-first heap   total 59392K, used 13988K [0x00000000c0000000, 0x0000000100000000)
  region size 1024K, 2 young (2048K), 2 survivors (2048K)
 Metaspace       used 20110K, capacity 20520K, committed 20608K, reserved 1075200K
  class space    used 2447K, capacity 2615K, committed 2688K, reserved 1048576K
GC Heap History (10 events):
Event: 1.352 GC heap before
{Heap before GC invocations=0 (full 0):
 garbage-first heap   total 59392K, used 16384K [0x00000000c0000000, 0x0000000100000000)
  region size 1024K, 14 young (14336K), 0 survivors (0K)
 Metaspace       used 9311K, capacity 9515K, committed 9728K, reserved 1058816K
  class space    used 928K, capacity 1002K, committed 1024K, reserved 1048576K
}
Event: 1.380 GC heap after
{Heap after GC invocations=1 (full 0):
 garbage-first heap   total 59392K, used 6367K [0x00000000c0000000, 0x0000000100000000)
  region size 1024K, 2 young (2048K), 2 survivors (2048K)
 Metaspace       used 9311K, capacity 9515K, committed 9728K, reserved 1058816K
  class space    used 928K, capacity 1002K, committed 1024K, reserved 1048576K
}
Event: 2.093 GC heap before
{Heap before GC invocations=1 (full 0):
 garbage-first heap   total 59392K, used 17631K [0x00000000c0000000, 0x0000000100000000)
  region size 1024K, 13 young (13312K), 2 survivors (2048K)
 Metaspace       used 10429K, capacity 10619K, committed 10880K, reserved 1058816K
  class space    used 1060K, capacity 1135K, committed 1152K, reserved 1048576K
}
Event: 2.097 GC heap after
{Heap after GC invocations=2 (full 0):
 garbage-first heap   total 59392K, used 6930K [0x00000000c0000000, 0x0000000100000000)
  region size 1024K, 1 young (1024K), 1 survivors (1024K)
 Metaspace       used 10429K, capacity 10619K, committed 10880K, reserved 1058816K
  class space    used 1060K, capacity 1135K, committed 1152K, reserved 1048576K
}
Event: 3.337 GC heap before
{Heap before GC invocations=2 (full 0):
 garbage-first heap   total 59392K, used 29458K [0x00000000c0000000, 0x0000000100000000)
  region size 1024K, 22 young (22528K), 1 survivors (1024K)
 Metaspace       used 11473K, capacity 11742K, committed 11904K, reserved 1060864K
  class space    used 1226K, capacity 1319K, committed 1408K, reserved 1048576K
}
Event: 3.346 GC heap after
{Heap after GC invocations=3 (full 0):
 garbage-first heap   total 59392K, used 10832K [0x00000000c0000000, 0x0000000100000000)
  region size 1024K, 3 young (3072K), 3 survivors (3072K)
 Metaspace       used 11473K, capacity 11742K, committed 11904K, reserved 1060864K
  class space    used 1226K, capacity 1319K, committed 1408K, reserved 1048576K
}
Event: 5.659 GC heap before
{Heap before GC invocations=3 (full 0):
 garbage-first heap   total 59392K, used 34384K [0x00000000c0000000, 0x0000000100000000)
  region size 1024K, 26 young (26624K), 3 survivors (3072K)
 Metaspace       used 17609K, capacity 17987K, committed 18176K, reserved 1064960K
  class space    used 2065K, capacity 2197K, committed 2304K, reserved 1048576K
}
Event: 5.689 GC heap after
{Heap after GC invocations=4 (full 0):
 garbage-first heap   total 59392K, used 12869K [0x00000000c0000000, 0x0000000100000000)
  region size 1024K, 3 young (3072K), 3 survivors (3072K)
 Metaspace       used 17609K, capacity 17987K, committed 18176K, reserved 1064960K
  class space    used 2065K, capacity 2197K, committed 2304K, reserved 1048576K
}
Event: 6.647 GC heap before
{Heap before GC invocations=4 (full 0):
 garbage-first heap   total 59392K, used 30277K [0x00000000c0000000, 0x0000000100000000)
  region size 1024K, 21 young (21504K), 3 survivors (3072K)
 Metaspace       used 20110K, capacity 20520K, committed 20608K, reserved 1073152K
  class space    used 2447K, capacity 2615K, committed 2688K, reserved 1048576K
}
Event: 6.660 GC heap after
{Heap after GC invocations=5 (full 0):
 garbage-first heap   total 59392K, used 13988K [0x00000000c0000000, 0x0000000100000000)
  region size 1024K, 2 young (2048K), 2 survivors (2048K)
 Metaspace       used 20110K, capacity 20520K, committed 20608K, reserved 1073152K
  class space    used 2447K, capacity 2615K, committed 2688K, reserved 1048576K
}

