# JRE version: Java(TM) SE Runtime Environment (10.0.1+10) (build 10.0.1+10)
# Java VM: Java HotSpot(TM) 64-Bit Server VM (10.0.1+10, mixed mode, tiered, compressed oops, g1 gc, windows-amd64)
Heap:
 garbage-first heap   total 59392K, used 14030K [0x00000000c0000000, 0x0000000100000000)
  region size 1024K, 4 young (4096K), 3 survivors (3072K)
 Metaspace       used 20824K, capacity 21256K, committed 21504K, reserved 1069056K
  class space    used 2559K, capacity 2711K, committed 2816K, reserved 1048576K
GC Heap History (10 events):
Event: 1.302 GC heap before
{Heap before GC invocations=0 (full 0):
 garbage-first heap   total 59392K, used 16384K [0x00000000c0000000, 0x0000000100000000)
  region size 1024K, 14 young (14336K), 0 survivors (0K)
 Metaspace       used 9298K, capacity 9515K, committed 9728K, reserved 1058816K
  class space    used 929K, capacity 1002K, committed 1024K, reserved 1048576K
}
Event: 1.344 GC heap after
{Heap after GC invocations=1 (full 0):
 garbage-first heap   total 59392K, used 6660K [0x00000000c0000000, 0x0000000100000000)
  region size 1024K, 2 young (2048K), 2 survivors (2048K)
 Metaspace       used 9298K, capacity 9515K, committed 9728K, reserved 1058816K
  class space    used 929K, capacity 1002K, committed 1024K, reserved 1048576K
}
Event: 2.089 GC heap before
{Heap before GC invocations=1 (full 0):
 garbage-first heap   total 59392K, used 18948K [0x00000000c0000000, 0x0000000100000000)
  region size 1024K, 14 young (14336K), 2 survivors (2048K)
 Metaspace       used 10413K, capacity 10617K, committed 10880K, reserved 1058816K
  class space    used 1059K, capacity 1135K, committed 1152K, reserved 1048576K
}
Event: 2.093 GC heap after
{Heap after GC invocations=2 (full 0):
 garbage-first heap   total 59392K, used 6832K [0x00000000c0000000, 0x0000000100000000)
  region size 1024K, 1 young (1024K), 1 survivors (1024K)
 Metaspace       used 10413K, capacity 10617K, committed 10880K, reserved 1058816K
  class space    used 1059K, capacity 1135K, committed 1152K, reserved 1048576K
}
Event: 3.324 GC heap before
{Heap before GC invocations=2 (full 0):
 garbage-first heap   total 59392K, used 31408K [0x00000000c0000000, 0x0000000100000000)
  region size 1024K, 24 young (24576K), 1 survivors (1024K)
 Metaspace       used 12859K, capacity 13230K, committed 13312K, reserved 1060864K
  class space    used 1382K, capacity 1500K, committed 1536K, reserved 1048576K
}
Event: 3.346 GC heap after
{Heap after GC invocations=3 (full 0):
 garbage-first heap   total 59392K, used 11408K [0x00000000c0000000, 0x0000000100000000)
  region size 1024K, 3 young (3072K), 3 survivors (3072K)
 Metaspace       used 12859K, capacity 13230K, committed 13312K, reserved 1060864K
  class space    used 1382K, capacity 1500K, committed 1536K, reserved 1048576K
}
Event: 5.711 GC heap before
{Heap before GC invocations=3 (full 0):
 garbage-first heap   total 59392K, used 33936K [0x00000000c0000000, 0x0000000100000000)
  region size 1024K, 25 young (25600K), 3 survivors (3072K)
 Metaspace       used 17817K, capacity 18243K, committed 18432K, reserved 1064960K
  class space    used 2095K, capacity 2261K, committed 2304K, reserved 1048576K
}
Event: 5.717 GC heap after
{Heap after GC invocations=4 (full 0):
 garbage-first heap   total 59392K, used 13079K [0x00000000c0000000, 0x0000000100000000)
  region size 1024K, 2 young (2048K), 2 survivors (2048K)
 Metaspace       used 17817K, capacity 18243K, committed 18432K, reserved 1064960K
  class space    used 2095K, capacity 2261K, committed 2304K, reserved 1048576K
}
Event: 6.613 GC heap before
{Heap before GC invocations=4 (full 0):
 garbage-first heap   total 59392K, used 32535K [0x00000000c0000000, 0x0000000100000000)
  region size 1024K, 22 young (22528K), 2 survivors (2048K)
 Metaspace       used 20742K, capacity 21128K, committed 21248K, reserved 1067008K
  class space    used 2544K, capacity 2711K, committed 2816K, reserved 1048576K
}
Event: 6.621 GC heap after
{Heap after GC invocations=5 (full 0):
 garbage-first heap   total 59392K, used 14030K [0x00000000c0000000, 0x0000000100000000)
  region size 1024K, 3 young (3072K), 3 survivors (3072K)
 Metaspace       used 20742K, capacity 21128K, committed 21248K, reserved 1067008K
  class space    used 2544K, capacity 2711K, committed 2816K, reserved 1048576K
}

