# JRE version: Java(TM) SE Runtime Environment (10.0.1+10) (build 10.0.1+10)
# Java VM: Java HotSpot(TM) 64-Bit Server VM (10.0.1+10, mixed mode, tiered, compressed oops, g1 gc, windows-amd64)
Heap:
 garbage-first heap   total 59392K, used 14403K [0x00000000c0000000, 0x0000000100000000)
  region size 1024K, 2 young (2048K), 2 survivors (2048K)
 Metaspace       used 20467K, capacity 20806K, committed 20864K, reserved 1075200K
  class space    used 2490K, capacity 2647K, committed 2688K, reserved 1048576K
GC Heap History (10 events):
Event: 1.737 GC heap before
{Heap before GC invocations=1 (full 0):
 garbage-first heap   total 59392K, used 13492K [0x00000000c0000000, 0x0000000100000000)
  region size 1024K, 9 young (9216K), 2 survivors (2048K)
 Metaspace       used 10358K, capacity 10553K, committed 10624K, reserved 1058816K
  class space    used 1059K, capacity 1135K, committed 1152K, reserved 1048576K
}
Event: 1.740 GC heap after
{Heap after GC invocations=2 (full 0):
 garbage-first heap   total 59392K, used 7115K [0x00000000c0000000, 0x0000000100000000)
  region size 1024K, 1 young (1024K), 1 survivors (1024K)
 Metaspace       used 10358K, capacity 10553K, committed 10624K, reserved 1058816K
  class space    used 1059K, capacity 1135K, committed 1152K, reserved 1048576K
}
Event: 2.160 GC heap before
{Heap before GC invocations=2 (full 0):
 garbage-first heap   total 59392K, used 27595K [0x00000000c0000000, 0x0000000100000000)
  region size 1024K, 20 young (20480K), 1 survivors (1024K)
 Metaspace       used 10591K, capacity 10866K, committed 11008K, reserved 1058816K
  class space    used 1079K, capacity 1175K, committed 1280K, reserved 1048576K
}
Event: 2.176 GC heap after
{Heap after GC invocations=3 (full 0):
 garbage-first heap   total 59392K, used 10607K [0x00000000c0000000, 0x0000000100000000)
  region size 1024K, 3 young (3072K), 3 survivors (3072K)
 Metaspace       used 10591K, capacity 10866K, committed 11008K, reserved 1058816K
  class space    used 1079K, capacity 1175K, committed 1280K, reserved 1048576K
}
Event: 5.435 GC heap before
{Heap before GC invocations=3 (full 0):
 garbage-first heap   total 59392K, used 32111K [0x00000000c0000000, 0x0000000100000000)
  region size 1024K, 24 young (24576K), 3 survivors (3072K)
 Metaspace       used 16860K, capacity 17281K, committed 17536K, reserved 1064960K
  class space    used 1920K, capacity 2069K, committed 2176K, reserved 1048576K
}
Event: 5.441 GC heap after
{Heap after GC invocations=4 (full 0):
 garbage-first heap   total 59392K, used 13095K [0x00000000c0000000, 0x0000000100000000)
  region size 1024K, 3 young (3072K), 3 survivors (3072K)
 Metaspace       used 16860K, capacity 17281K, committed 17536K, reserved 1064960K
  class space    used 1920K, capacity 2069K, committed 2176K, reserved 1048576K
}
Event: 6.202 GC heap before
{Heap before GC invocations=4 (full 0):
 garbage-first heap   total 59392K, used 34599K [0x00000000c0000000, 0x0000000100000000)
  region size 1024K, 24 young (24576K), 3 survivors (3072K)
 Metaspace       used 19580K, capacity 19942K, committed 20224K, reserved 1067008K
  class space    used 2359K, capacity 2487K, committed 2560K, reserved 1048576K
}
Event: 6.207 GC heap after
{Heap after GC invocations=5 (full 0):
 garbage-first heap   total 59392K, used 14366K [0x00000000c0000000, 0x0000000100000000)
  region size 1024K, 2 young (2048K), 2 survivors (2048K)
 Metaspace       used 19580K, capacity 19942K, committed 20224K, reserved 1067008K
  class space    used 2359K, capacity 2487K, committed 2560K, reserved 1048576K
}
Event: 6.648 GC heap before
{Heap before GC invocations=5 (full 0):
 garbage-first heap   total 59392K, used 18462K [0x00000000c0000000, 0x0000000100000000)
  region size 1024K, 7 young (7168K), 2 survivors (2048K)
 Metaspace       used 20467K, capacity 20806K, committed 20864K, reserved 1073152K
  class space    used 2490K, capacity 2647K, committed 2688K, reserved 1048576K
}
Event: 6.658 GC heap after
{Heap after GC invocations=6 (full 0):
 garbage-first heap   total 59392K, used 14403K [0x00000000c0000000, 0x0000000100000000)
  region size 1024K, 2 young (2048K), 2 survivors (2048K)
 Metaspace       used 20467K, capacity 20806K, committed 20864K, reserved 1073152K
  class space    used 2490K, capacity 2647K, committed 2688K, reserved 1048576K
}

