# JRE version: Java(TM) SE Runtime Environment (10.0.1+10) (build 10.0.1+10)
# Java VM: Java HotSpot(TM) 64-Bit Server VM (10.0.1+10, mixed mode, tiered, compressed oops, g1 gc, windows-amd64)
Heap:
 garbage-first heap   total 59392K, used 12550K [0x00000000c7800000, 0x0000000100000000)
  region size 1024K, 10 young (10240K), 3 survivors (3072K)
 Metaspace       used 22162K, capacity 22676K, committed 22856K, reserved 1069056K
  class space    used 2373K, capacity 2614K, committed 2636K, reserved 1048576K
GC Heap History (6 events):
Event: 1.021 GC heap before
{Heap before GC invocations=0 (full 0):
 garbage-first heap   total 59392K, used 14336K [0x00000000c7800000, 0x0000000100000000)
  region size 1024K, 14 young (14336K), 0 survivors (0K)
 Metaspace       used 12366K, capacity 12627K, committed 12800K, reserved 1060864K
  class space    used 1170K, capacity 1234K, committed 1280K, reserved 1048576K
}
Event: 1.025 GC heap after
{Heap after GC invocations=1 (full 0):
 garbage-first heap   total 59392K, used 3427K [0x00000000c7800000, 0x0000000100000000)
  region size 1024K, 2 young (2048K), 2 survivors (2048K)
 Metaspace       used 12366K, capacity 12627K, committed 12800K, reserved 1060864K
  class space    used 1170K, capacity 1234K, committed 1280K, reserved 1048576K
}
Event: 1.426 GC heap before
{Heap before GC invocations=1 (full 0):
 garbage-first heap   total 59392K, used 11619K [0x00000000c7800000, 0x0000000100000000)
  region size 1024K, 10 young (10240K), 2 survivors (2048K)
 Metaspace       used 15264K, capacity 15492K, committed 15744K, reserved 1062912K
  class space    used 1484K, capacity 1595K, committed 1664K, reserved 1048576K
}
Event: 1.441 GC heap after
{Heap after GC invocations=2 (full 0):
 garbage-first heap   total 59392K, used 4708K [0x00000000c7800000, 0x0000000100000000)
  region size 1024K, 2 young (2048K), 2 survivors (2048K)
 Metaspace       used 15264K, capacity 15492K, committed 15744K, reserved 1062912K
  class space    used 1484K, capacity 1595K, committed 1664K, reserved 1048576K
}
Event: 19.395 GC heap before
{Heap before GC invocations=2 (full 0):
 garbage-first heap   total 59392K, used 25188K [0x00000000c7800000, 0x0000000100000000)
  region size 1024K, 23 young (23552K), 2 survivors (2048K)
 Metaspace       used 20637K, capacity 21102K, committed 21296K, reserved 1069056K
  class space    used 2175K, capacity 2405K, committed 2432K, reserved 1048576K
}
Event: 19.403 GC heap after
{Heap after GC invocations=3 (full 0):
 garbage-first heap   total 59392K, used 6406K [0x00000000c7800000, 0x0000000100000000)
  region size 1024K, 3 young (3072K), 3 survivors (3072K)
 Metaspace       used 20637K, capacity 21102K, committed 21296K, reserved 1069056K
  class space    used 2175K, capacity 2405K, committed 2432K, reserved 1048576K
}

