# JRE version: Java(TM) SE Runtime Environment (10.0.1+10) (build 10.0.1+10)
# Java VM: Java HotSpot(TM) 64-Bit Server VM (10.0.1+10, mixed mode, tiered, compressed oops, g1 gc, windows-amd64)
Heap:
 garbage-first heap   total 59392K, used 15593K [0x00000000c7800000, 0x0000000100000000)
  region size 1024K, 13 young (13312K), 3 survivors (3072K)
 Metaspace       used 22391K, capacity 23024K, committed 23368K, reserved 1071104K
  class space    used 2374K, capacity 2639K, committed 2688K, reserved 1048576K
GC Heap History (6 events):
Event: 0.791 GC heap before
{Heap before GC invocations=0 (full 0):
 garbage-first heap   total 59392K, used 14336K [0x00000000c7800000, 0x0000000100000000)
  region size 1024K, 14 young (14336K), 0 survivors (0K)
 Metaspace       used 12609K, capacity 12822K, committed 13056K, reserved 1060864K
  class space    used 1207K, capacity 1279K, committed 1280K, reserved 1048576K
}
Event: 0.796 GC heap after
{Heap after GC invocations=1 (full 0):
 garbage-first heap   total 59392K, used 3444K [0x00000000c7800000, 0x0000000100000000)
  region size 1024K, 2 young (2048K), 2 survivors (2048K)
 Metaspace       used 12609K, capacity 12822K, committed 13056K, reserved 1060864K
  class space    used 1207K, capacity 1279K, committed 1280K, reserved 1048576K
}
Event: 1.038 GC heap before
{Heap before GC invocations=1 (full 0):
 garbage-first heap   total 59392K, used 12660K [0x00000000c7800000, 0x0000000100000000)
  region size 1024K, 11 young (11264K), 2 survivors (2048K)
 Metaspace       used 15547K, capacity 15791K, committed 16000K, reserved 1062912K
  class space    used 1517K, capacity 1630K, committed 1664K, reserved 1048576K
}
Event: 1.043 GC heap after
{Heap after GC invocations=2 (full 0):
 garbage-first heap   total 59392K, used 4946K [0x00000000c7800000, 0x0000000100000000)
  region size 1024K, 2 young (2048K), 2 survivors (2048K)
 Metaspace       used 15547K, capacity 15791K, committed 16000K, reserved 1062912K
  class space    used 1517K, capacity 1630K, committed 1664K, reserved 1048576K
}
Event: 14.221 GC heap before
{Heap before GC invocations=2 (full 0):
 garbage-first heap   total 59392K, used 23378K [0x00000000c7800000, 0x0000000100000000)
  region size 1024K, 21 young (21504K), 2 survivors (2048K)
 Metaspace       used 20695K, capacity 21165K, committed 21296K, reserved 1069056K
  class space    used 2180K, capacity 2405K, committed 2432K, reserved 1048576K
}
Event: 14.228 GC heap after
{Heap after GC invocations=3 (full 0):
 garbage-first heap   total 59392K, used 6377K [0x00000000c7800000, 0x0000000100000000)
  region size 1024K, 3 young (3072K), 3 survivors (3072K)
 Metaspace       used 20695K, capacity 21165K, committed 21296K, reserved 1069056K
  class space    used 2180K, capacity 2405K, committed 2432K, reserved 1048576K
}

