# JRE version: Java(TM) SE Runtime Environment (10.0.1+10) (build 10.0.1+10)
# Java VM: Java HotSpot(TM) 64-Bit Server VM (10.0.1+10, mixed mode, tiered, compressed oops, g1 gc, windows-amd64)
Heap:
 garbage-first heap   total 73728K, used 39610K [0x00000000c0000000, 0x0000000100000000)
  region size 1024K, 16 young (16384K), 4 survivors (4096K)
 Metaspace       used 33605K, capacity 34243K, committed 34560K, reserved 1079296K
  class space    used 4096K, capacity 4310K, committed 4352K, reserved 1048576K
GC Heap History (10 events):
Event: 7.109 GC heap before
{Heap before GC invocations=3 (full 0):
 garbage-first heap   total 59392K, used 34119K [0x00000000c0000000, 0x0000000100000000)
  region size 1024K, 26 young (26624K), 3 survivors (3072K)
 Metaspace       used 17613K, capacity 17987K, committed 18176K, reserved 1064960K
  class space    used 2063K, capacity 2197K, committed 2304K, reserved 1048576K
}
Event: 7.116 GC heap after
{Heap after GC invocations=4 (full 0):
 garbage-first heap   total 59392K, used 12881K [0x00000000c0000000, 0x0000000100000000)
  region size 1024K, 3 young (3072K), 3 survivors (3072K)
 Metaspace       used 17613K, capacity 17987K, committed 18176K, reserved 1064960K
  class space    used 2063K, capacity 2197K, committed 2304K, reserved 1048576K
}
Event: 8.530 GC heap before
{Heap before GC invocations=4 (full 0):
 garbage-first heap   total 59392K, used 34385K [0x00000000c0000000, 0x0000000100000000)
  region size 1024K, 25 young (25600K), 3 survivors (3072K)
 Metaspace       used 20733K, capacity 21128K, committed 21248K, reserved 1067008K
  class space    used 2543K, capacity 2711K, committed 2816K, reserved 1048576K
}
Event: 8.548 GC heap after
{Heap after GC invocations=5 (full 0):
 garbage-first heap   total 59392K, used 14034K [0x00000000c0000000, 0x0000000100000000)
  region size 1024K, 2 young (2048K), 2 survivors (2048K)
 Metaspace       used 20733K, capacity 21128K, committed 21248K, reserved 1067008K
  class space    used 2543K, capacity 2711K, committed 2816K, reserved 1048576K
}
Event: 11.712 GC heap before
{Heap before GC invocations=6 (full 0):
 garbage-first heap   total 59392K, used 45778K [0x00000000c0000000, 0x0000000100000000)
  region size 1024K, 25 young (25600K), 2 survivors (2048K)
 Metaspace       used 24457K, capacity 24988K, committed 25344K, reserved 1071104K
  class space    used 3023K, capacity 3219K, committed 3328K, reserved 1048576K
}
Event: 11.716 GC heap after
{Heap after GC invocations=7 (full 0):
 garbage-first heap   total 73728K, used 24268K [0x00000000c0000000, 0x0000000100000000)
  region size 1024K, 4 young (4096K), 4 survivors (4096K)
 Metaspace       used 24457K, capacity 24988K, committed 25344K, reserved 1071104K
  class space    used 3023K, capacity 3219K, committed 3328K, reserved 1048576K
}
Event: 14.490 GC heap before
{Heap before GC invocations=7 (full 0):
 garbage-first heap   total 73728K, used 51916K [0x00000000c0000000, 0x0000000100000000)
  region size 1024K, 28 young (28672K), 4 survivors (4096K)
 Metaspace       used 29460K, capacity 29968K, committed 30208K, reserved 1075200K
  class space    used 3572K, capacity 3769K, committed 3840K, reserved 1048576K
}
Event: 14.508 GC heap after
{Heap after GC invocations=8 (full 0):
 garbage-first heap   total 73728K, used 26298K [0x00000000c0000000, 0x0000000100000000)
  region size 1024K, 2 young (2048K), 2 survivors (2048K)
 Metaspace       used 29460K, capacity 29968K, committed 30208K, reserved 1075200K
  class space    used 3572K, capacity 3769K, committed 3840K, reserved 1048576K
}
Event: 18.210 GC heap before
{Heap before GC invocations=8 (full 0):
 garbage-first heap   total 73728K, used 52922K [0x00000000c0000000, 0x0000000100000000)
  region size 1024K, 28 young (28672K), 2 survivors (2048K)
 Metaspace       used 32337K, capacity 32891K, committed 33152K, reserved 1079296K
  class space    used 4011K, capacity 4202K, committed 4224K, reserved 1048576K
}
Event: 18.215 GC heap after
{Heap after GC invocations=9 (full 0):
 garbage-first heap   total 73728K, used 28346K [0x00000000c0000000, 0x0000000100000000)
  region size 1024K, 4 young (4096K), 4 survivors (4096K)
 Metaspace       used 32337K, capacity 32891K, committed 33152K, reserved 1079296K
  class space    used 4011K, capacity 4202K, committed 4224K, reserved 1048576K
}

