# JRE version: Java(TM) SE Runtime Environment (10.0.1+10) (build 10.0.1+10)
# Java VM: Java HotSpot(TM) 64-Bit Server VM (10.0.1+10, mixed mode, tiered, compressed oops, g1 gc, windows-amd64)
Heap:
 garbage-first heap   total 59392K, used 29078K [0x00000000c0000000, 0x0000000100000000)
  region size 1024K, 2 young (2048K), 2 survivors (2048K)
 Metaspace       used 32960K, capacity 33535K, committed 33792K, reserved 1087488K
  class space    used 4080K, capacity 4310K, committed 4352K, reserved 1048576K
GC Heap History (10 events):
Event: 8.475 GC heap before
{Heap before GC invocations=4 (full 0):
 garbage-first heap   total 59392K, used 33699K [0x00000000c0000000, 0x0000000100000000)
  region size 1024K, 23 young (23552K), 2 survivors (2048K)
 Metaspace       used 20785K, capacity 21128K, committed 21248K, reserved 1067008K
  class space    used 2545K, capacity 2711K, committed 2816K, reserved 1048576K
}
Event: 8.505 GC heap after
{Heap after GC invocations=5 (full 0):
 garbage-first heap   total 59392K, used 14244K [0x00000000c0000000, 0x0000000100000000)
  region size 1024K, 3 young (3072K), 3 survivors (3072K)
 Metaspace       used 20785K, capacity 21128K, committed 21248K, reserved 1067008K
  class space    used 2545K, capacity 2711K, committed 2816K, reserved 1048576K
}
Event: 12.921 GC heap before
{Heap before GC invocations=6 (full 0):
 garbage-first heap   total 59392K, used 45980K [0x00000000c0000000, 0x0000000100000000)
  region size 1024K, 26 young (26624K), 3 survivors (3072K)
 Metaspace       used 24285K, capacity 24796K, committed 25088K, reserved 1071104K
  class space    used 3030K, capacity 3219K, committed 3328K, reserved 1048576K
}
Event: 12.927 GC heap after
{Heap after GC invocations=7 (full 0):
 garbage-first heap   total 59392K, used 24801K [0x00000000c0000000, 0x0000000100000000)
  region size 1024K, 4 young (4096K), 4 survivors (4096K)
 Metaspace       used 24285K, capacity 24796K, committed 25088K, reserved 1071104K
  class space    used 3030K, capacity 3219K, committed 3328K, reserved 1048576K
}
Event: 13.578 GC heap before
{Heap before GC invocations=7 (full 0):
 garbage-first heap   total 59392K, used 47329K [0x00000000c0000000, 0x0000000100000000)
  region size 1024K, 23 young (23552K), 4 survivors (4096K)
 Metaspace       used 29010K, capacity 29615K, committed 29824K, reserved 1075200K
  class space    used 3478K, capacity 3673K, committed 3712K, reserved 1048576K
}
Event: 13.584 GC heap after
{Heap after GC invocations=8 (full 0):
 garbage-first heap   total 59392K, used 26560K [0x00000000c0000000, 0x0000000100000000)
  region size 1024K, 2 young (2048K), 2 survivors (2048K)
 Metaspace       used 29010K, capacity 29615K, committed 29824K, reserved 1075200K
  class space    used 3478K, capacity 3673K, committed 3712K, reserved 1048576K
}
Event: 15.630 GC heap before
{Heap before GC invocations=8 (full 0):
 garbage-first heap   total 59392K, used 44992K [0x00000000c0000000, 0x0000000100000000)
  region size 1024K, 20 young (20480K), 2 survivors (2048K)
 Metaspace       used 31052K, capacity 31638K, committed 32000K, reserved 1077248K
  class space    used 3806K, capacity 4026K, committed 4096K, reserved 1048576K
}
Event: 15.634 GC heap after
{Heap after GC invocations=9 (full 0):
 garbage-first heap   total 59392K, used 27504K [0x00000000c0000000, 0x0000000100000000)
  region size 1024K, 1 young (1024K), 1 survivors (1024K)
 Metaspace       used 31052K, capacity 31638K, committed 32000K, reserved 1077248K
  class space    used 3806K, capacity 4026K, committed 4096K, reserved 1048576K
}
Event: 18.225 GC heap before
{Heap before GC invocations=9 (full 0):
 garbage-first heap   total 59392K, used 45936K [0x00000000c0000000, 0x0000000100000000)
  region size 1024K, 19 young (19456K), 1 survivors (1024K)
 Metaspace       used 32634K, capacity 33299K, committed 33792K, reserved 1079296K
  class space    used 4040K, capacity 4274K, committed 4352K, reserved 1048576K
}
Event: 18.228 GC heap after
{Heap after GC invocations=10 (full 0):
 garbage-first heap   total 59392K, used 28549K [0x00000000c0000000, 0x0000000100000000)
  region size 1024K, 2 young (2048K), 2 survivors (2048K)
 Metaspace       used 32634K, capacity 33299K, committed 33792K, reserved 1079296K
  class space    used 4040K, capacity 4274K, committed 4352K, reserved 1048576K
}

